# JRE version: OpenJDK Runtime Environment (24.0.1+9) (build 24.0.1+9-30)
# Java VM: OpenJDK 64-Bit Server VM (24.0.1+9-30, mixed mode, emulated-client, sharing, tiered, compressed oops, compressed class ptrs, g1 gc, windows-amd64)
GC Precious Log:
 CardTable entry size: 512
 Card Set container configuration: InlinePtr #cards 4 size 8 Array Of Cards #cards 16 size 48 Howl #buckets 8 coarsen threshold 3686 Howl Bitmap #cards 512 size 80 coarsen threshold 460 Card regions per heap region 1 cards per card region 4096
 CPUs: 4 total, 4 available
 Memory: 16324M
 Large Page Support: Disabled
 NUMA Support: Disabled
 Compressed Oops: Enabled (Zero based)
 Heap Region Size: 2M
 Heap Min Capacity: 8M
 Heap Initial Capacity: 256M
 Heap Max Capacity: 4082M
 Pre-touch: Disabled
 Parallel Workers: 4
 Concurrent Workers: 1
 Concurrent Refinement Workers: 4
 Periodic GC: Disabled
Heap:
 garbage-first heap   total reserved 4179968K, committed 49152K, used 33985K [0x0000000700e00000, 0x0000000800000000)
  region size 2048K, 9 young (18432K), 1 survivors (2048K)
 Metaspace       used 34475K, committed 34880K, reserved 1114112K
  class space    used 3934K, committed 4096K, reserved 1048576K
GC Heap History (14 events):
Event: 0.662 GC heap before
{Heap before GC invocations=0 (full 0):
 garbage-first heap   total reserved 4179968K, committed 264192K, used 29808K [0x0000000700e00000, 0x0000000800000000)
  region size 2048K, 14 young (28672K), 0 survivors (0K)
 Metaspace       used 7964K, committed 8192K, reserved 1114112K
  class space    used 813K, committed 896K, reserved 1048576K
}
Event: 0.666 GC heap after
{Heap after GC invocations=1 (full 0):
 garbage-first heap   total reserved 4179968K, committed 264192K, used 6174K [0x0000000700e00000, 0x0000000800000000)
  region size 2048K, 2 young (4096K), 2 survivors (4096K)
 Metaspace       used 7964K, committed 8192K, reserved 1114112K
  class space    used 813K, committed 896K, reserved 1048576K
}
Event: 1.744 GC heap before
{Heap before GC invocations=1 (full 0):
 garbage-first heap   total reserved 4179968K, committed 264192K, used 77854K [0x0000000700e00000, 0x0000000800000000)
  region size 2048K, 39 young (79872K), 2 survivors (4096K)
 Metaspace       used 21177K, committed 21504K, reserved 1114112K
  class space    used 2365K, committed 2496K, reserved 1048576K
}
Event: 1.751 GC heap after
{Heap after GC invocations=2 (full 0):
 garbage-first heap   total reserved 4179968K, committed 264192K, used 12009K [0x0000000700e00000, 0x0000000800000000)
  region size 2048K, 5 young (10240K), 5 survivors (10240K)
 Metaspace       used 21177K, committed 21504K, reserved 1114112K
  class space    used 2365K, committed 2496K, reserved 1048576K
}
Event: 1.996 GC heap before
{Heap before GC invocations=3 (full 0):
 garbage-first heap   total reserved 4179968K, committed 49152K, used 30441K [0x0000000700e00000, 0x0000000800000000)
  region size 2048K, 14 young (28672K), 5 survivors (10240K)
 Metaspace       used 23183K, committed 23616K, reserved 1114112K
  class space    used 2662K, committed 2816K, reserved 1048576K
}
Event: 2.003 GC heap after
{Heap after GC invocations=4 (full 0):
 garbage-first heap   total reserved 4179968K, committed 49152K, used 13895K [0x0000000700e00000, 0x0000000800000000)
  region size 2048K, 2 young (4096K), 2 survivors (4096K)
 Metaspace       used 23183K, committed 23616K, reserved 1114112K
  class space    used 2662K, committed 2816K, reserved 1048576K
}
Event: 2.292 GC heap before
{Heap before GC invocations=4 (full 0):
 garbage-first heap   total reserved 4179968K, committed 49152K, used 32327K [0x0000000700e00000, 0x0000000800000000)
  region size 2048K, 11 young (22528K), 2 survivors (4096K)
 Metaspace       used 26076K, committed 26496K, reserved 1114112K
  class space    used 2980K, committed 3136K, reserved 1048576K
}
Event: 2.297 GC heap after
{Heap after GC invocations=5 (full 0):
 garbage-first heap   total reserved 4179968K, committed 49152K, used 15772K [0x0000000700e00000, 0x0000000800000000)
  region size 2048K, 2 young (4096K), 2 survivors (4096K)
 Metaspace       used 26076K, committed 26496K, reserved 1114112K
  class space    used 2980K, committed 3136K, reserved 1048576K
}
Event: 3.138 GC heap before
{Heap before GC invocations=5 (full 0):
 garbage-first heap   total reserved 4179968K, committed 49152K, used 34204K [0x0000000700e00000, 0x0000000800000000)
  region size 2048K, 11 young (22528K), 2 survivors (4096K)
 Metaspace       used 28948K, committed 29440K, reserved 1114112K
  class space    used 3302K, committed 3520K, reserved 1048576K
}
Event: 3.145 GC heap after
{Heap after GC invocations=6 (full 0):
 garbage-first heap   total reserved 4179968K, committed 49152K, used 19910K [0x0000000700e00000, 0x0000000800000000)
  region size 2048K, 1 young (2048K), 1 survivors (2048K)
 Metaspace       used 28948K, committed 29440K, reserved 1114112K
  class space    used 3302K, committed 3520K, reserved 1048576K
}
Event: 17.385 GC heap before
{Heap before GC invocations=6 (full 0):
 garbage-first heap   total reserved 4179968K, committed 49152K, used 36294K [0x0000000700e00000, 0x0000000800000000)
  region size 2048K, 10 young (20480K), 1 survivors (2048K)
 Metaspace       used 33446K, committed 33984K, reserved 1114112K
  class space    used 3796K, committed 4032K, reserved 1048576K
}
Event: 17.387 GC heap after
{Heap after GC invocations=7 (full 0):
 garbage-first heap   total reserved 4179968K, committed 49152K, used 19662K [0x0000000700e00000, 0x0000000800000000)
  region size 2048K, 2 young (4096K), 2 survivors (4096K)
 Metaspace       used 33446K, committed 33984K, reserved 1114112K
  class space    used 3796K, committed 4032K, reserved 1048576K
}
Event: 196.832 GC heap before
{Heap before GC invocations=7 (full 0):
 garbage-first heap   total reserved 4179968K, committed 49152K, used 38094K [0x0000000700e00000, 0x0000000800000000)
  region size 2048K, 11 young (22528K), 2 survivors (4096K)
 Metaspace       used 33467K, committed 33984K, reserved 1114112K
  class space    used 3802K, committed 4032K, reserved 1048576K
}
Event: 196.835 GC heap after
{Heap after GC invocations=8 (full 0):
 garbage-first heap   total reserved 4179968K, committed 49152K, used 19649K [0x0000000700e00000, 0x0000000800000000)
  region size 2048K, 1 young (2048K), 1 survivors (2048K)
 Metaspace       used 33467K, committed 33984K, reserved 1114112K
  class space    used 3802K, committed 4032K, reserved 1048576K
}

